2018-11-16 21:46:19.7279 INFO Book instance was createâd
2018-11-16 21:46:19.8515 INFO Book instance was createâd
2018-11-16 21:46:19.8515 INFO Book instance was createâd
2018-11-16 21:46:19.8515 INFO Book instance was createâd
2018-11-16 21:46:19.8565 INFO Book list service was created
2018-11-16 21:46:19.9376 INFO Book instance was createâd
2018-11-16 21:46:19.9376 INFO Book instance was createâd
2018-11-16 21:46:19.9671 INFO Book instance was createâd
2018-11-16 21:46:19.9671 INFO Book instance was createâd
2018-11-16 21:46:19.9671 INFO List was loaded
2018-11-16 21:46:19.9891 INFO Finding for a book
2018-11-16 21:46:19.9891 INFO Default info about book
2018-11-16 21:46:19.9891 INFO Different format info about book
2018-11-16 21:49:07.6825 INFO Book instance was createâd
2018-11-16 21:49:07.7510 INFO Book instance was createâd
2018-11-16 21:49:07.7510 INFO Book instance was createâd
2018-11-16 21:49:07.7510 INFO Book instance was createâd
2018-11-16 21:49:07.7510 INFO Book list service was created
2018-11-16 21:49:07.7510 INFO Book instance was createâd
2018-11-16 21:49:07.7510 INFO Book instance was createâd
2018-11-16 21:49:07.7510 INFO Book instance was createâd
2018-11-16 21:49:07.7510 INFO Book instance was createâd
2018-11-16 21:49:07.7510 INFO List was loaded
2018-11-16 21:49:07.7695 INFO Finding for a book
2018-11-16 21:49:07.7695 INFO Default info about book
2018-11-16 21:49:07.7695 INFO Different format info about book
2018-11-16 21:55:04.0247 INFO Book instance was createâd
2018-11-16 21:55:04.1778 INFO Book instance was createâd
2018-11-16 21:55:04.1778 INFO Book instance was createâd
2018-11-16 21:55:04.1778 INFO Book instance was createâd
2018-11-16 21:55:04.1778 INFO Book list service was created
2018-11-16 21:55:04.1848 INFO Book instance was createâd
2018-11-16 21:55:04.1848 INFO Book instance was createâd
2018-11-16 21:55:04.1848 INFO Book instance was createâd
2018-11-16 21:55:04.1848 INFO Book instance was createâd
2018-11-16 21:55:04.1848 INFO List was loaded
2018-11-16 21:55:04.1848 INFO Finding for a book
2018-11-16 21:55:04.1848 INFO Default info about book
2018-11-16 21:55:04.1848 INFO Different format info about book
2018-11-16 22:03:35.2393 INFO Book instance was createâd
2018-11-16 22:03:35.3594 INFO Book instance was createâd
2018-11-16 22:03:35.3594 INFO Book instance was createâd
2018-11-16 22:03:35.3594 INFO Book instance was createâd
2018-11-16 22:03:35.3594 INFO Book list service was created
2018-11-16 22:03:35.3594 INFO Book instance was createâd
2018-11-16 22:03:35.3594 INFO Book instance was createâd
2018-11-16 22:03:35.3594 INFO Book instance was createâd
2018-11-16 22:03:35.3594 INFO Book instance was createâd
2018-11-16 22:03:35.3594 INFO List was loaded
2018-11-16 22:03:35.4244 INFO Finding for a book
2018-11-16 22:03:35.4244 INFO Default info about book
2018-11-16 22:03:35.4244 INFO Different format info about book
